<?xml version="1.0" encoding="UTF-8" standalone="no"?><testsuites><testsuite errors="0" failures="1" hostname="192.168.56.103_5555_Genymotion_SonyXperiaZ-4.3-API18-1080x1920" name="br.com.calcdesempenho.desempenhotest" tests="1" time="0,0000" timestamp="Thu Oct 16 11:30:26 BOT 2014"><properties>
[...]
</properties><testcase classname="Feature Feature para cadastro, visualizar, alterar e exclusão de abastecimentos" name="Scenario Cadastrar abastecimento com a data atual do sitema" time="17,1150"><failure message="" type="junit.framework.AssertionFailedError&#13;&#10;at junit.framework.Assert.fail(Assert.java">junit.framework.AssertionFailedError&#13;
at junit.framework.Assert.fail(Assert.java:48)&#13;
at junit.framework.Assert.assertTrue(Assert.java:20)&#13;
at junit.framework.Assert.assertTrue(Assert.java:27)&#13;
at br.com.calcdesempenho.desempenhotest.StepDefCalDesempenho.deve_ser_exibido_a_mensagem(StepDefCalDesempenho.java:79)&#13;
at ?.Then Deve ser exibido a mensagem "Abastecimento cadastrado com sucesso!."(features/cadastro_abastecimento.feature:15)&#13;
</failure></testcase></testsuite></testsuites>